0 info it worked if it ends with ok
1 verbose cli [ 'C:\\Program Files (x86)\\nodejs\\\\node.exe',
1 verbose cli   'C:\\Program Files (x86)\\nodejs\\node_modules\\npm\\bin\\npm-cli.js',
1 verbose cli   'install',
1 verbose cli   '-g',
1 verbose cli   'grunt-cli.' ]
2 info using npm@1.3.2
3 info using node@v0.10.13
4 verbose node symlink C:\Program Files (x86)\nodejs\\node.exe
5 verbose cache add [ 'grunt-cli.', null ]
6 verbose cache add name=undefined spec="grunt-cli." args=["grunt-cli.",null]
7 verbose parsed url { protocol: null,
7 verbose parsed url   slashes: null,
7 verbose parsed url   auth: null,
7 verbose parsed url   host: null,
7 verbose parsed url   port: null,
7 verbose parsed url   hostname: null,
7 verbose parsed url   hash: null,
7 verbose parsed url   search: null,
7 verbose parsed url   query: null,
7 verbose parsed url   pathname: 'grunt-cli.',
7 verbose parsed url   path: 'grunt-cli.',
7 verbose parsed url   href: 'grunt-cli.' }
8 silly lockFile 888b9ef6-grunt-cli grunt-cli.
9 verbose lock grunt-cli. C:\Users\moqri\AppData\Roaming\npm-cache\888b9ef6-grunt-cli.lock
10 silly lockFile 888b9ef6-grunt-cli grunt-cli.
11 silly lockFile 888b9ef6-grunt-cli grunt-cli.
12 verbose addNamed [ 'grunt-cli.', '' ]
13 verbose addNamed [ null, '*' ]
14 silly lockFile 0d50b575-grunt-cli grunt-cli.@
15 verbose lock grunt-cli.@ C:\Users\moqri\AppData\Roaming\npm-cache\0d50b575-grunt-cli.lock
16 silly addNameRange { name: 'grunt-cli.', range: '*', hasData: false }
17 verbose url raw grunt-cli.
18 verbose url resolving [ 'https://registry.npmjs.org/', './grunt-cli.' ]
19 verbose url resolved https://registry.npmjs.org/grunt-cli.
20 info trying registry request attempt 1 at 16:32:02
21 http GET https://registry.npmjs.org/grunt-cli.
22 http 404 https://registry.npmjs.org/grunt-cli.
23 silly registry.get cb [ 404,
23 silly registry.get   { date: 'Wed, 01 Apr 2015 20:32:03 GMT',
23 silly registry.get     server: 'CouchDB/1.5.0 (Erlang OTP/R16B03)',
23 silly registry.get     'content-type': 'application/json',
23 silly registry.get     'cache-control': 'max-age=0',
23 silly registry.get     'content-length': '51',
23 silly registry.get     'accept-ranges': 'bytes',
23 silly registry.get     via: '1.1 varnish',
23 silly registry.get     age: '0',
23 silly registry.get     'x-served-by': 'cache-atl6224-ATL',
23 silly registry.get     'x-cache': 'MISS',
23 silly registry.get     'x-cache-hits': '0',
23 silly registry.get     'x-timer': 'S1427920323.191902,VS0,VE118',
23 silly registry.get     'keep-alive': 'timeout=10, max=50',
23 silly registry.get     connection: 'Keep-Alive' } ]
24 silly lockFile 0d50b575-grunt-cli grunt-cli.@
25 silly lockFile 0d50b575-grunt-cli grunt-cli.@
26 error 404 'grunt-cli.' is not in the npm registry.
26 error 404 You should bug the author to publish it
26 error 404
26 error 404 Note that you can also install from a
26 error 404 tarball, folder, or http url, or git url.
27 error System Windows_NT 6.2.9200
28 error command "C:\\Program Files (x86)\\nodejs\\\\node.exe" "C:\\Program Files (x86)\\nodejs\\node_modules\\npm\\bin\\npm-cli.js" "install" "-g" "grunt-cli."
29 error cwd C:\myapp\nodetest1
30 error node -v v0.10.13
31 error npm -v 1.3.2
32 error code E404
33 verbose exit [ 1, true ]
